<?xml version="1.0" encoding="UTF-8"?>
<!-- Generated by org.testng.reporters.JUnitReportReporter -->
<testsuite hostname="AKII" failures="0" tests="1" name="CRUDwithoutBDD.GetAllProject" time="3.319" errors="0" timestamp="2022-12-27T17:35:39 IST" skipped="0">
  <testcase classname="CRUDwithoutBDD.GetAllProject" name="createAllProject" time="3.319"/>
  <system-out/>
</testsuite> <!-- CRUDwithoutBDD.GetAllProject -->
