<?xml version="1.0" encoding="UTF-8"?>
<!-- Generated by org.testng.reporters.JUnitReportReporter -->
<testsuite hostname="AKII" failures="0" tests="1" name="SerializationAndDeserialization.SerializationOfEmpDetails" time="0.828" errors="0" timestamp="2022-12-28T16:23:32 IST" skipped="0">
  <testcase classname="SerializationAndDeserialization.SerializationOfEmpDetails" name="serializationOfEmpDetails" time="0.828"/>
  <system-out/>
</testsuite> <!-- SerializationAndDeserialization.SerializationOfEmpDetails -->
