<?xml version="1.0" encoding="UTF-8"?>
<!-- Generated by org.testng.reporters.JUnitReportReporter -->
<testsuite hostname="AKII" failures="0" tests="1" name="PostRequestUsingDifferentWay.PostRequestUsingJSONfile$PostRequestUsingJsonFileTest" time="4.625" errors="0" timestamp="2022-12-29T13:07:18 IST" skipped="0">
  <testcase classname="PostRequestUsingDifferentWay.PostRequestUsingJSONfile$PostRequestUsingJsonFileTest" name="createPostTest" time="4.625"/>
  <system-out/>
</testsuite> <!-- PostRequestUsingDifferentWay.PostRequestUsingJSONfile$PostRequestUsingJsonFileTest -->
