<?xml version="1.0" encoding="UTF-8"?>
<!-- Generated by org.testng.reporters.JUnitReportReporter -->
<testsuite hostname="AKII" failures="0" tests="1" name="SerializationAndDeserialization.DeserializationOfEmpDetails" time="0.439" errors="0" timestamp="2022-12-29T12:43:48 IST" skipped="0">
  <testcase classname="SerializationAndDeserialization.DeserializationOfEmpDetails" name="deserializationOfEmpDetails" time="0.439"/>
  <system-out/>
</testsuite> <!-- SerializationAndDeserialization.DeserializationOfEmpDetails -->
