<?xml version="1.0" encoding="UTF-8"?>
<!-- Generated by org.testng.reporters.JUnitReportReporter -->
<testsuite hostname="AKII" failures="0" tests="1" name="Authinetication.Auth2" time="5.412" errors="0" timestamp="2023-01-03T12:48:36 IST" skipped="0">
  <testcase classname="Authinetication.Auth2" name="authentication" time="5.412"/>
  <system-out/>
</testsuite> <!-- Authinetication.Auth2 -->
