<?xml version="1.0" encoding="UTF-8"?>
<!-- Generated by org.testng.reporters.JUnitReportReporter -->
<testsuite hostname="AKII" failures="0" tests="2" name="end2EndScenario.GetSingleProjectTest" time="0.038" errors="1" timestamp="2023-01-04T17:52:36 IST" skipped="1">
  <testcase classname="end2EndScenario.GetSingleProjectTest" name="getSingleProjectTest" time="0.000">
    <skipped/>
  </testcase> <!-- getSingleProjectTest -->
  <system-out/>
  <testcase classname="end2EndScenario.GetSingleProjectTest" name="bsConfig" time="0.038">
    <error message="The url cannot be null" type="java.sql.SQLException">
      <![CDATA[java.sql.SQLException: The url cannot be null
at java.sql/java.sql.DriverManager.getConnection(DriverManager.java:660)
at java.sql/java.sql.DriverManager.getConnection(DriverManager.java:251)
at genericUtility.DatabaseLibrary.connectToDB(DatabaseLibrary.java:19)
at genericUtility.BaseClassWithSpecBuilder.bsConfig(BaseClassWithSpecBuilder.java:31)
at java.base/jdk.internal.reflect.NativeMethodAccessorImpl.invoke0(Native Method)
at java.base/jdk.internal.reflect.NativeMethodAccessorImpl.invoke(NativeMethodAccessorImpl.java:78)
at java.base/jdk.internal.reflect.DelegatingMethodAccessorImpl.invoke(DelegatingMethodAccessorImpl.java:43)
at java.base/java.lang.reflect.Method.invoke(Method.java:567)
at org.testng.internal.MethodInvocationHelper.invokeMethod(MethodInvocationHelper.java:133)
at org.testng.internal.MethodInvocationHelper.invokeMethodConsideringTimeout(MethodInvocationHelper.java:62)
at org.testng.internal.ConfigInvoker.invokeConfigurationMethod(ConfigInvoker.java:385)
at org.testng.internal.ConfigInvoker.invokeConfigurations(ConfigInvoker.java:321)
at org.testng.SuiteRunner.privateRun(SuiteRunner.java:317)
at org.testng.SuiteRunner.run(SuiteRunner.java:276)
at org.testng.SuiteRunnerWorker.runSuite(SuiteRunnerWorker.java:53)
at org.testng.SuiteRunnerWorker.run(SuiteRunnerWorker.java:96)
at org.testng.TestNG.runSuitesSequentially(TestNG.java:1212)
at org.testng.TestNG.runSuitesLocally(TestNG.java:1134)
at org.testng.TestNG.runSuites(TestNG.java:1063)
at org.testng.TestNG.run(TestNG.java:1031)
at org.testng.remote.AbstractRemoteTestNG.run(AbstractRemoteTestNG.java:115)
at org.testng.remote.RemoteTestNG.initAndRun(RemoteTestNG.java:251)
at org.testng.remote.RemoteTestNG.main(RemoteTestNG.java:77)
]]>
    </error>
  </testcase> <!-- bsConfig -->
  <system-out/>
</testsuite> <!-- end2EndScenario.GetSingleProjectTest -->
